[     168ms] [INFO] %cDownload the React DevTools for a better development experience: https://react.dev/link/react-devtools font-weight:bold @ http://localhost:3003/_next/static/chunks/node_modules_next_dist_1ybzpk2._.js:2477
[     181ms] [LOG] [HMR] connected @ http://localhost:3003/_next/static/chunks/node_modules_next_dist_1ybzpk2._.js:2477
[     199ms] [LOG] %c[Vercel Web Analytics]%c Debug mode is enabled by default in development. No requests will be sent to the server. color: rgb(120, 120, 120) color: inherit @ http://localhost:3003/_next/static/chunks/node_modules_next_dist_1ybzpk2._.js:2477
[     199ms] [LOG] %c[Vercel Web Analytics]%c Running queued event color: rgb(120, 120, 120) color: inherit pageview {route: /, path: /} @ http://localhost:3003/_next/static/chunks/node_modules_next_dist_1ybzpk2._.js:2477
[     199ms] [LOG] %c[Vercel Web Analytics]%c [view] http://localhost:3003/ color: rgb(120, 120, 120) color: inherit {o: http://localhost:3003/, sv: 0.1.3, sdkn: @vercel/analytics/next, sdkv: 2.0.1, ts: 1784316655528} /_vercel/insights/view @ http://localhost:3003/_next/static/chunks/node_modules_next_dist_1ybzpk2._.js:2477
[   91699ms] [LOG] [Fast Refresh] rebuilding @ http://localhost:3003/_next/static/chunks/node_modules_next_dist_1ybzpk2._.js:2477
[   91736ms] [LOG] [Fast Refresh] done in 109ms @ http://localhost:3003/_next/static/chunks/node_modules_next_dist_1ybzpk2._.js:2477
[11894500ms] [LOG] [HMR] connected @ http://localhost:3003/_next/static/chunks/node_modules_next_dist_1ybzpk2._.js:2477
[11894832ms] [LOG] [Fast Refresh] rebuilding @ http://localhost:3003/_next/static/chunks/node_modules_next_dist_1ybzpk2._.js:2477
[11895058ms] [LOG] [Fast Refresh] done in 329ms @ http://localhost:3003/_next/static/chunks/node_modules_next_dist_1ybzpk2._.js:2477
[212355147ms] [LOG] [HMR] connected @ http://localhost:3003/_next/static/chunks/node_modules_next_dist_1ybzpk2._.js:2477
[212362636ms] [LOG] [HMR] connected @ http://localhost:3003/_next/static/chunks/node_modules_next_dist_1ybzpk2._.js:2477
[212373187ms] [LOG] [HMR] connected @ http://localhost:3003/_next/static/chunks/node_modules_next_dist_1ybzpk2._.js:2477
[247251769ms] [LOG] [HMR] connected @ http://localhost:3003/_next/static/chunks/node_modules_next_dist_1ybzpk2._.js:2477
[250120271ms] [ERROR] WebSocket connection to 'ws://localhost:3003/_next/webpack-hmr?id=zUQNnVSY6-i_zQaS7RcFJ' failed:  @ http://localhost:3003/_next/static/chunks/node_modules_next_dist_client_0r5nbpw._.js:13422
[250121323ms] [ERROR] WebSocket connection to 'ws://localhost:3003/_next/webpack-hmr?id=zUQNnVSY6-i_zQaS7RcFJ' failed: Error in connection establishment: net::ERR_CONNECTION_REFUSED @ http://localhost:3003/_next/static/chunks/node_modules_next_dist_client_0r5nbpw._.js:13422
[250122329ms] [ERROR] WebSocket connection to 'ws://localhost:3003/_next/webpack-hmr?id=zUQNnVSY6-i_zQaS7RcFJ' failed: Error in connection establishment: net::ERR_CONNECTION_REFUSED @ http://localhost:3003/_next/static/chunks/node_modules_next_dist_client_0r5nbpw._.js:13422
[250123334ms] [ERROR] WebSocket connection to 'ws://localhost:3003/_next/webpack-hmr?id=zUQNnVSY6-i_zQaS7RcFJ' failed: Error in connection establishment: net::ERR_CONNECTION_REFUSED @ http://localhost:3003/_next/static/chunks/node_modules_next_dist_client_0r5nbpw._.js:13422
[250124339ms] [ERROR] WebSocket connection to 'ws://localhost:3003/_next/webpack-hmr?id=zUQNnVSY6-i_zQaS7RcFJ' failed: Error in connection establishment: net::ERR_CONNECTION_REFUSED @ http://localhost:3003/_next/static/chunks/node_modules_next_dist_client_0r5nbpw._.js:13422
[250125342ms] [ERROR] WebSocket connection to 'ws://localhost:3003/_next/webpack-hmr?id=zUQNnVSY6-i_zQaS7RcFJ' failed: Error in connection establishment: net::ERR_CONNECTION_REFUSED @ http://localhost:3003/_next/static/chunks/node_modules_next_dist_client_0r5nbpw._.js:13422
[250130348ms] [ERROR] WebSocket connection to 'ws://localhost:3003/_next/webpack-hmr?id=zUQNnVSY6-i_zQaS7RcFJ' failed: Error in connection establishment: net::ERR_CONNECTION_REFUSED @ http://localhost:3003/_next/static/chunks/node_modules_next_dist_client_0r5nbpw._.js:13422
[250135360ms] [ERROR] WebSocket connection to 'ws://localhost:3003/_next/webpack-hmr?id=zUQNnVSY6-i_zQaS7RcFJ' failed: Error in connection establishment: net::ERR_CONNECTION_REFUSED @ http://localhost:3003/_next/static/chunks/node_modules_next_dist_client_0r5nbpw._.js:13422
[250140376ms] [ERROR] WebSocket connection to 'ws://localhost:3003/_next/webpack-hmr?id=zUQNnVSY6-i_zQaS7RcFJ' failed: Error in connection establishment: net::ERR_CONNECTION_REFUSED @ http://localhost:3003/_next/static/chunks/node_modules_next_dist_client_0r5nbpw._.js:13422
[250145408ms] [ERROR] WebSocket connection to 'ws://localhost:3003/_next/webpack-hmr?id=zUQNnVSY6-i_zQaS7RcFJ' failed: Error in connection establishment: net::ERR_CONNECTION_REFUSED @ http://localhost:3003/_next/static/chunks/node_modules_next_dist_client_0r5nbpw._.js:13422
[250150497ms] [ERROR] WebSocket connection to 'ws://localhost:3003/_next/webpack-hmr?id=zUQNnVSY6-i_zQaS7RcFJ' failed: Error in connection establishment: net::ERR_CONNECTION_REFUSED @ http://localhost:3003/_next/static/chunks/node_modules_next_dist_client_0r5nbpw._.js:13422
[250155646ms] [ERROR] WebSocket connection to 'ws://localhost:3003/_next/webpack-hmr?id=zUQNnVSY6-i_zQaS7RcFJ' failed: Error in connection establishment: net::ERR_CONNECTION_REFUSED @ http://localhost:3003/_next/static/chunks/node_modules_next_dist_client_0r5nbpw._.js:13422
[250160900ms] [ERROR] WebSocket connection to 'ws://localhost:3003/_next/webpack-hmr?id=zUQNnVSY6-i_zQaS7RcFJ' failed: Error in connection establishment: net::ERR_CONNECTION_REFUSED @ http://localhost:3003/_next/static/chunks/node_modules_next_dist_client_0r5nbpw._.js:13422
